<?xml version="1.0" encoding="UTF-8"?>
<!-- Generated by org.testng.reporters.JUnitReportReporter -->
<testsuite hostname="DESKTOP-4HSFUFE" name="SeleniumLearnings.NewApplication.firsttest" tests="1" failures="0" timestamp="14 Jun 2018 19:54:36 GMT" time="11.694" errors="0">
  <testcase name="login" time="11.694" classname="SeleniumLearnings.NewApplication.firsttest"/>
</testsuite> <!-- SeleniumLearnings.NewApplication.firsttest -->
