<?xml version="1.0" encoding="UTF-8"?>
<!-- Generated by org.testng.reporters.JUnitReportReporter -->
<testsuite hostname="DESKTOP-QHCDKO8" name="SeleniumLearnings.NewApplication.firsttest" tests="2" failures="0" timestamp="23 Jun 2018 18:32:16 GMT" time="29.384" errors="0">
  <testcase name="login" time="14.030" classname="SeleniumLearnings.NewApplication.firsttest"/>
  <testcase name="login" time="15.354" classname="SeleniumLearnings.NewApplication.firsttest"/>
</testsuite> <!-- SeleniumLearnings.NewApplication.firsttest -->
