<?xml version="1.0" encoding="UTF-8"?>
<!-- Generated by org.testng.reporters.JUnitReportReporter -->
<testsuite hostname="DESKTOP-4HSFUFE" name="SeleniumLearnings.NewApplication.BaseClass" tests="1" failures="0" timestamp="14 Jun 2018 18:37:14 GMT" time="0.000" errors="0">
  <testcase name="initDriver" time="0.000" classname="SeleniumLearnings.NewApplication.BaseClass"/>
</testsuite> <!-- SeleniumLearnings.NewApplication.BaseClass -->
