<?xml version="1.0" encoding="UTF-8"?>
<!-- Generated by org.testng.reporters.JUnitReportReporter -->
<testsuite hostname="DESKTOP-4HSFUFE" failures="0" tests="1" name="SeleniumLearnings.NewApplication.Sampletest" time="0.010" errors="0" timestamp="8 Jun 2018 18:24:01 GMT">
  <testcase classname="SeleniumLearnings.NewApplication.Sampletest" name="samplemethod" time="0.010"/>
</testsuite> <!-- SeleniumLearnings.NewApplication.Sampletest -->
