<?xml version="1.0" encoding="UTF-8"?>
<!-- Generated by org.testng.reporters.JUnitReportReporter -->
<testsuite hostname="DESKTOP-4HSFUFE" name="SeleniumLearnings.NewApplication.Sampletest" tests="1" failures="0" timestamp="14 Jun 2018 14:51:54 GMT" time="0.013" errors="0">
  <testcase name="samplemethod" time="0.013" classname="SeleniumLearnings.NewApplication.Sampletest"/>
</testsuite> <!-- SeleniumLearnings.NewApplication.Sampletest -->
